<?xml version="1.0" encoding="utf-8"?><testsuites name="pytest tests"><testsuite name="pytest" errors="0" failures="0" skipped="0" tests="5" time="1.474" timestamp="2026-06-24T13:03:39.508846+00:00" hostname="agent-env-9a34e5df-7eb1-49bb-a0a8-f3d78b7bcee6"><testcase classname="backend.tests.test_apk_handoff.TestApkHandoff" name="test_create_handoff_requires_auth" time="0.310" /><testcase classname="backend.tests.test_apk_handoff.TestApkHandoff" name="test_create_handoff_with_auth" time="0.529" /><testcase classname="backend.tests.test_apk_handoff.TestApkHandoff" name="test_redeem_handoff_success_then_replay_rejected" time="0.364" /><testcase classname="backend.tests.test_apk_handoff.TestApkHandoff" name="test_redeem_with_missing_token_returns_400" time="0.103" /><testcase classname="backend.tests.test_apk_handoff.TestApkHandoff" name="test_redeem_with_bogus_token_returns_400" time="0.100" /></testsuite></testsuites>