<?xml version="1.0" encoding="utf-8"?><testsuites name="pytest tests"><testsuite name="pytest" errors="0" failures="0" skipped="0" tests="17" time="9.311" timestamp="2026-03-31T12:20:51.723637+00:00" hostname="agent-env-9a34e5df-7eb1-49bb-a0a8-f3d78b7bcee6"><testcase classname="backend.tests.test_auth_flows.TestOTPSignupFlow" name="test_send_otp_success" time="0.254" /><testcase classname="backend.tests.test_auth_flows.TestOTPSignupFlow" name="test_send_otp_invalid_phone" time="0.100" /><testcase classname="backend.tests.test_auth_flows.TestOTPSignupFlow" name="test_verify_otp_success" time="0.258" /><testcase classname="backend.tests.test_auth_flows.TestOTPSignupFlow" name="test_verify_otp_wrong_code" time="0.216" /><testcase classname="backend.tests.test_auth_flows.TestOTPSignupFlow" name="test_complete_signup_success" time="0.567" /><testcase classname="backend.tests.test_auth_flows.TestOTPSignupFlow" name="test_complete_signup_without_verification" time="0.098" /><testcase classname="backend.tests.test_auth_flows.TestLoginFlow" name="test_login_with_phone_success" time="0.977" /><testcase classname="backend.tests.test_auth_flows.TestLoginFlow" name="test_login_wrong_password" time="0.940" /><testcase classname="backend.tests.test_auth_flows.TestLoginFlow" name="test_login_nonexistent_user" time="0.620" /><testcase classname="backend.tests.test_auth_flows.TestAdminLogin" name="test_admin_login_with_email" time="0.339" /><testcase classname="backend.tests.test_auth_flows.TestPasswordResetFlow" name="test_password_reset_send_otp" time="0.674" /><testcase classname="backend.tests.test_auth_flows.TestPasswordResetFlow" name="test_password_reset_unregistered_phone" time="0.675" /><testcase classname="backend.tests.test_auth_flows.TestPasswordResetFlow" name="test_password_reset_complete" time="1.784" /><testcase classname="backend.tests.test_auth_flows.TestPasswordResetFlow" name="test_password_reset_wrong_otp" time="0.800" /><testcase classname="backend.tests.test_auth_flows.TestAuthMe" name="test_auth_me_with_cookie" time="0.367" /><testcase classname="backend.tests.test_auth_flows.TestAuthMe" name="test_auth_me_without_auth" time="0.137" /><testcase classname="backend.tests.test_auth_flows.TestLogout" name="test_logout_clears_session" time="0.416" /></testsuite></testsuites>