<?xml version="1.0" encoding="utf-8"?><testsuites name="pytest tests"><testsuite name="pytest" errors="0" failures="0" skipped="0" tests="17" time="3.970" timestamp="2026-04-20T05:54:01.932585+00:00" hostname="agent-env-9a34e5df-7eb1-49bb-a0a8-f3d78b7bcee6"><testcase classname="backend.tests.test_chat_delete.TestAutoDeleteSetting" name="test_get_default" time="0.420" /><testcase classname="backend.tests.test_chat_delete.TestAutoDeleteSetting" name="test_post_persists" time="0.147" /><testcase classname="backend.tests.test_chat_delete.TestAutoDeleteSetting" name="test_hours_min_1" time="0.046" /><testcase classname="backend.tests.test_chat_delete.TestAutoDeleteSetting" name="test_requires_admin_auth" time="0.103" /><testcase classname="backend.tests.test_chat_delete.TestAdminChatDelete" name="test_clear_all_requires_admin" time="0.110" /><testcase classname="backend.tests.test_chat_delete.TestAdminChatDelete" name="test_user_delete_requires_admin" time="0.114" /><testcase classname="backend.tests.test_chat_delete.TestAdminChatDelete" name="test_admin_delete_msg_requires_admin" time="0.109" /><testcase classname="backend.tests.test_chat_delete.TestAdminChatDelete" name="test_admin_delete_nonexistent_msg" time="0.060" /><testcase classname="backend.tests.test_chat_delete.TestAdminChatDelete" name="test_clear_all_works" time="0.051" /><testcase classname="backend.tests.test_chat_delete.TestUserMessageDelete" name="test_user_delete_requires_auth" time="0.118" /><testcase classname="backend.tests.test_chat_delete.TestUserMessageDelete" name="test_user_send_and_delete_own" time="2.083" /><testcase classname="backend.tests.test_chat_delete.TestUserMessageDelete" name="test_user_cannot_delete_admin_message" time="0.199" /><testcase classname="backend.tests.test_chat_delete.TestUserMessageDelete" name="test_user_delete_nonexistent" time="0.046" /><testcase classname="backend.tests.test_chat_delete.TestChatCoreFlows" name="test_chat_send_text" time="0.046" /><testcase classname="backend.tests.test_chat_delete.TestChatCoreFlows" name="test_chat_send_empty_text_rejected" time="0.045" /><testcase classname="backend.tests.test_chat_delete.TestChatCoreFlows" name="test_chat_messages_marks_admin_read" time="0.046" /><testcase classname="backend.tests.test_chat_delete.TestChatCoreFlows" name="test_admin_messages_endpoint" time="0.144" /></testsuite></testsuites>