<?xml version="1.0" encoding="utf-8"?><testsuites name="pytest tests"><testsuite name="pytest" errors="0" failures="0" skipped="0" tests="16" time="22.975" timestamp="2026-08-28T06:52:16.924010+00:00" hostname="agent-env-9a34e5df-7eb1-49bb-a0a8-f3d78b7bcee6"><testcase classname="backend.tests.test_dragon_tiger.TestConfig" name="test_get_config" time="0.156" /><testcase classname="backend.tests.test_dragon_tiger.TestCurrentRound" name="test_current_has_valid_shape" time="0.106" /><testcase classname="backend.tests.test_dragon_tiger.TestCurrentRound" name="test_background_loop_running" time="0.154" /><testcase classname="backend.tests.test_dragon_tiger.TestBetValidation" name="test_bet_requires_auth" time="0.149" /><testcase classname="backend.tests.test_dragon_tiger.TestBetValidation" name="test_bet_invalid_side" time="0.695" /><testcase classname="backend.tests.test_dragon_tiger.TestBetValidation" name="test_bet_below_min" time="0.156" /><testcase classname="backend.tests.test_dragon_tiger.TestBetValidation" name="test_bet_insufficient_balance" time="0.233" /><testcase classname="backend.tests.test_dragon_tiger.TestBetAndSettlement" name="test_place_bet_success_and_deducts_balance" time="0.167" /><testcase classname="backend.tests.test_dragon_tiger.TestBetAndSettlement" name="test_bet_settles_after_round" time="20.166" /><testcase classname="backend.tests.test_dragon_tiger.TestReadEndpoints" name="test_history_requires_auth" time="0.143" /><testcase classname="backend.tests.test_dragon_tiger.TestReadEndpoints" name="test_history_returns_user_bets_newest_first" time="0.052" /><testcase classname="backend.tests.test_dragon_tiger.TestReadEndpoints" name="test_recent_rounds" time="0.104" /><testcase classname="backend.tests.test_dragon_tiger.TestReadEndpoints" name="test_live_feed_masks_names" time="0.168" /><testcase classname="backend.tests.test_dragon_tiger.TestExistingGamesRegression" name="test_games_list" time="0.133" /><testcase classname="backend.tests.test_dragon_tiger.TestExistingGamesRegression" name="test_coin_history" time="0.120" /><testcase classname="backend.tests.test_dragon_tiger.TestExistingGamesRegression" name="test_results_today" time="0.126" /></testsuite></testsuites>