<?xml version="1.0" encoding="utf-8"?><testsuites name="pytest tests"><testsuite name="pytest" errors="0" failures="0" skipped="0" tests="9" time="4.126" timestamp="2026-03-31T05:44:15.600405+00:00" hostname="agent-env-9a34e5df-7eb1-49bb-a0a8-f3d78b7bcee6"><testcase classname="tests.test_haruf_andar_bahar.TestHarufBetTypes" name="test_haruf_andar_accepts_single_digit" time="0.529" /><testcase classname="tests.test_haruf_andar_bahar.TestHarufBetTypes" name="test_haruf_bahar_accepts_single_digit" time="0.379" /><testcase classname="tests.test_haruf_andar_bahar.TestHarufBetTypes" name="test_haruf_andar_rejects_two_digit" time="0.369" /><testcase classname="tests.test_haruf_andar_bahar.TestHarufBetTypes" name="test_haruf_bahar_rejects_two_digit" time="0.370" /><testcase classname="tests.test_haruf_andar_bahar.TestHarufBetTypes" name="test_haruf_multiplier_is_9x" time="0.381" /><testcase classname="tests.test_haruf_andar_bahar.TestHarufBetTypes" name="test_haruf_all_digits_0_to_9" time="0.806" /><testcase classname="tests.test_haruf_andar_bahar.TestHarufResultDeclaration" name="test_result_declaration_returns_haruf_winners" time="0.371" /><testcase classname="tests.test_haruf_andar_bahar.TestBetTypesConfig" name="test_bet_types_endpoint_or_config" time="0.471" /><testcase classname="tests.test_haruf_andar_bahar.TestHarufMinimumAmount" name="test_haruf_minimum_10_rupees" time="0.375" /></testsuite></testsuites>