<?xml version="1.0" encoding="utf-8"?><testsuites name="pytest tests"><testsuite name="pytest" errors="0" failures="0" skipped="0" tests="10" time="7.997" timestamp="2026-05-09T11:19:27.699581+00:00" hostname="agent-env-9a34e5df-7eb1-49bb-a0a8-f3d78b7bcee6"><testcase classname="backend.tests.test_auth_otp_google.TestGoogleSession" name="test_google_session_missing" time="0.284" /><testcase classname="backend.tests.test_auth_otp_google.TestGoogleSession" name="test_google_session_invalid" time="0.218" /><testcase classname="backend.tests.test_auth_otp_google.TestOtpSignup" name="test_otp_send" time="0.966" /><testcase classname="backend.tests.test_auth_otp_google.TestOtpSignup" name="test_otp_send_short_phone" time="0.115" /><testcase classname="backend.tests.test_auth_otp_google.TestOtpSignup" name="test_otp_verify_and_complete_signup" time="1.333" /><testcase classname="backend.tests.test_auth_otp_google.TestOtpSignup" name="test_existing_phone_signup_fails" time="2.186" /><testcase classname="backend.tests.test_auth_otp_google.TestOtpLogin" name="test_login_otp_send_unregistered" time="0.126" /><testcase classname="backend.tests.test_auth_otp_google.TestOtpLogin" name="test_login_otp_send_and_verify_registered" time="2.024" /><testcase classname="backend.tests.test_auth_otp_google.TestAdminLogin" name="test_admin_login_success" time="0.331" /><testcase classname="backend.tests.test_auth_otp_google.TestAdminLogin" name="test_admin_login_wrong_password" time="0.334" /></testsuite></testsuites>