<?xml version="1.0" encoding="utf-8"?><testsuites name="pytest tests"><testsuite name="pytest" errors="0" failures="0" skipped="0" tests="11" time="6.364" timestamp="2026-05-09T11:42:58.456396+00:00" hostname="agent-env-9a34e5df-7eb1-49bb-a0a8-f3d78b7bcee6"><testcase classname="backend.tests.test_matkaapi_integration.TestAdminLoginRegression" name="test_admin_login_success" time="0.529" /><testcase classname="backend.tests.test_matkaapi_integration.TestAdminLoginRegression" name="test_admin_login_wrong_password" time="0.269" /><testcase classname="backend.tests.test_matkaapi_integration.TestAutoFetchDebug" name="test_requires_admin" time="0.141" /><testcase classname="backend.tests.test_matkaapi_integration.TestAutoFetchDebug" name="test_debug_endpoint_returns_expected_shape" time="2.066" /><testcase classname="backend.tests.test_matkaapi_integration.TestAutoFetchAdmin" name="test_auto_fetch_does_not_500" time="0.982" /><testcase classname="backend.tests.test_matkaapi_integration.TestAutoFetchAdmin" name="test_auto_fetch_requires_admin" time="0.109" /><testcase classname="backend.tests.test_matkaapi_integration.TestAutoFetchPublic" name="test_correct_secret_returns_200" time="0.917" /><testcase classname="backend.tests.test_matkaapi_integration.TestAutoFetchPublic" name="test_wrong_secret_returns_403" time="0.045" /><testcase classname="backend.tests.test_matkaapi_integration.TestAutoFetchPublic" name="test_missing_secret_returns_403" time="0.044" /><testcase classname="backend.tests.test_matkaapi_integration.TestOtpFlows" name="test_login_otp_send_responds" time="1.145" /><testcase classname="backend.tests.test_matkaapi_integration.TestOtpFlows" name="test_signup_register_mobile_validation" time="0.044" /></testsuite></testsuites>