<?xml version="1.0" encoding="utf-8"?><testsuites name="pytest tests"><testsuite name="pytest" errors="0" failures="0" skipped="0" tests="8" time="39.242" timestamp="2026-09-02T10:56:55.300741+00:00" hostname="agent-env-9a34e5df-7eb1-49bb-a0a8-f3d78b7bcee6"><testcase classname="backend.tests.test_iter40_deploy_verify" name="test_root_reachable" time="0.276" /><testcase classname="backend.tests.test_iter40_deploy_verify" name="test_api_root" time="0.146" /><testcase classname="backend.tests.test_iter40_deploy_verify" name="test_admin_login_returns_token" time="0.348" /><testcase classname="backend.tests.test_iter40_deploy_verify" name="test_get_payment_gateway" time="0.112" /><testcase classname="backend.tests.test_iter40_deploy_verify" name="test_set_payment_gateway_trustope" time="0.126" /><testcase classname="backend.tests.test_iter40_deploy_verify" name="test_set_payment_gateway_imb" time="0.129" /><testcase classname="backend.tests.test_iter40_deploy_verify" name="test_wallet_deposit_routes_to_trustope" time="1.138" /><testcase classname="backend.tests.test_iter40_deploy_verify" name="test_crazy_time_settle_all_segments" time="36.891" /></testsuite></testsuites>