<?xml version="1.0" encoding="utf-8"?><testsuites name="pytest tests"><testsuite name="pytest" errors="0" failures="0" skipped="0" tests="16" time="6.202" timestamp="2026-04-13T11:03:48.301356+00:00" hostname="agent-env-9a34e5df-7eb1-49bb-a0a8-f3d78b7bcee6"><testcase classname="backend.tests.test_iteration13_admin_features.TestAdminAuth" name="test_admin_login_vikram" time="0.486" /><testcase classname="backend.tests.test_iteration13_admin_features.TestAdminAuth" name="test_admin_login_sattamatka" time="0.326" /><testcase classname="backend.tests.test_iteration13_admin_features.TestAdminAuth" name="test_admin_login_invalid_credentials" time="0.117" /><testcase classname="backend.tests.test_iteration13_admin_features.TestAdminStats" name="test_admin_stats_endpoint" time="0.382" /><testcase classname="backend.tests.test_iteration13_admin_features.TestAdminStats" name="test_today_new_users_endpoint" time="0.396" /><testcase classname="backend.tests.test_iteration13_admin_features.TestAdminStats" name="test_today_deposits_endpoint" time="0.371" /><testcase classname="backend.tests.test_iteration13_admin_features.TestAdminUsers" name="test_get_all_users" time="0.378" /><testcase classname="backend.tests.test_iteration13_admin_features.TestAdminUsers" name="test_user_deposits_endpoint" time="0.420" /><testcase classname="backend.tests.test_iteration13_admin_features.TestAdminUsers" name="test_user_withdrawals_endpoint" time="0.438" /><testcase classname="backend.tests.test_iteration13_admin_features.TestAdminUsers" name="test_user_bets_endpoint" time="0.429" /><testcase classname="backend.tests.test_iteration13_admin_features.TestAdminUsers" name="test_user_winnings_endpoint" time="0.422" /><testcase classname="backend.tests.test_iteration13_admin_features.TestPushNotifications" name="test_vapid_key_endpoint" time="0.099" /><testcase classname="backend.tests.test_iteration13_admin_features.TestAdminOtherEndpoints" name="test_admin_games_endpoint" time="0.371" /><testcase classname="backend.tests.test_iteration13_admin_features.TestAdminOtherEndpoints" name="test_admin_withdrawals_endpoint" time="0.374" /><testcase classname="backend.tests.test_iteration13_admin_features.TestAdminOtherEndpoints" name="test_admin_deposits_endpoint" time="0.682" /><testcase classname="backend.tests.test_iteration13_admin_features.TestAdminOtherEndpoints" name="test_admin_settings_endpoint" time="0.414" /></testsuite></testsuites>