<?xml version="1.0" encoding="utf-8"?><testsuites name="pytest tests"><testsuite name="pytest" errors="0" failures="0" skipped="0" tests="15" time="5.470" timestamp="2026-04-13T08:03:12.124451+00:00" hostname="agent-env-9a34e5df-7eb1-49bb-a0a8-f3d78b7bcee6"><testcase classname="tests.test_matka11_iteration12.TestPublicEndpoints" name="test_vapid_key_endpoint" time="0.158" /><testcase classname="tests.test_matka11_iteration12.TestPublicEndpoints" name="test_games_endpoint" time="0.152" /><testcase classname="tests.test_matka11_iteration12.TestPublicEndpoints" name="test_settings_endpoint" time="0.104" /><testcase classname="tests.test_matka11_iteration12.TestAdminAuth" name="test_admin_login_success" time="0.370" /><testcase classname="tests.test_matka11_iteration12.TestAdminAuth" name="test_admin_login_invalid_credentials" time="0.099" /><testcase classname="tests.test_matka11_iteration12.TestAdminStats" name="test_admin_stats_returns_today_bet_amount" time="0.427" /><testcase classname="tests.test_matka11_iteration12.TestTodayNewUsers" name="test_today_new_users_endpoint" time="0.433" /><testcase classname="tests.test_matka11_iteration12.TestTodayDeposits" name="test_today_deposits_endpoint" time="0.462" /><testcase classname="tests.test_matka11_iteration12.TestAdminTabs" name="test_admin_games" time="0.422" /><testcase classname="tests.test_matka11_iteration12.TestAdminTabs" name="test_admin_withdrawals" time="0.435" /><testcase classname="tests.test_matka11_iteration12.TestAdminTabs" name="test_admin_deposits" time="0.504" /><testcase classname="tests.test_matka11_iteration12.TestAdminTabs" name="test_admin_users" time="0.435" /><testcase classname="tests.test_matka11_iteration12.TestAdminTabs" name="test_admin_settings" time="0.452" /><testcase classname="tests.test_matka11_iteration12.TestAdminTabs" name="test_admin_chat_users" time="0.438" /><testcase classname="tests.test_matka11_iteration12.TestAdminTabs" name="test_admin_results_status" time="0.486" /></testsuite></testsuites>