<?xml version="1.0" encoding="utf-8"?><testsuites name="pytest tests"><testsuite name="pytest" errors="0" failures="0" skipped="0" tests="7" time="1.344" timestamp="2026-06-24T08:42:45.578424+00:00" hostname="agent-env-9a34e5df-7eb1-49bb-a0a8-f3d78b7bcee6"><testcase classname="backend.tests.test_iteration20_bugfixes.TestWhatsappNumberSetting" name="test_get_admin_settings_has_whatsapp_number_field" time="0.467" /><testcase classname="backend.tests.test_iteration20_bugfixes.TestWhatsappNumberSetting" name="test_put_admin_settings_updates_whatsapp_number" time="0.309" /><testcase classname="backend.tests.test_iteration20_bugfixes.TestWhatsappNumberSetting" name="test_public_settings_returns_whatsapp_number" time="0.094" /><testcase classname="backend.tests.test_iteration20_bugfixes.TestDisawarTiming" name="test_disawar_game_has_correct_timing" time="0.098" /><testcase classname="backend.tests.test_iteration20_bugfixes.TestResultHistory" name="test_ghaziabad_history_returns_results" time="0.097" /><testcase classname="backend.tests.test_iteration20_bugfixes.TestResultHistory" name="test_disawar_history_endpoint" time="0.110" /><testcase classname="backend.tests.test_iteration20_bugfixes.TestResultHistory" name="test_delhi_bazaar_history_endpoint" time="0.101" /></testsuite></testsuites>