<?xml version="1.0" encoding="utf-8"?><testsuites name="pytest tests"><testsuite name="pytest" errors="0" failures="0" skipped="0" tests="9" time="4.771" timestamp="2026-09-01T08:16:01.196066+00:00" hostname="agent-env-9a34e5df-7eb1-49bb-a0a8-f3d78b7bcee6"><testcase classname="tests.test_bet_aggregation_iter39.TestDragonTigerAggregation" name="test_three_bets_aggregate_to_single_ticket" time="1.337" /><testcase classname="tests.test_bet_aggregation_iter39.TestDragonTigerAggregation" name="test_different_sides_create_separate_tickets" time="0.567" /><testcase classname="tests.test_bet_aggregation_iter39.TestCrazyTimeAggregation" name="test_three_bets_aggregate" time="0.659" /><testcase classname="tests.test_bet_aggregation_iter39.TestColorGameAggregation" name="test_three_bets_aggregate" time="0.695" /><testcase classname="tests.test_bet_aggregation_iter39.TestCoinAggregation" name="test_three_bets_aggregate" time="0.757" /><testcase classname="tests.test_bet_aggregation_iter39.TestLiveFeeds" name="test_live_feed_shape[/api/dragon-tiger/live-feed-side]" time="0.139" /><testcase classname="tests.test_bet_aggregation_iter39.TestLiveFeeds" name="test_live_feed_shape[/api/crazy-time/live-feed-segment]" time="0.109" /><testcase classname="tests.test_bet_aggregation_iter39.TestLiveFeeds" name="test_live_feed_shape[/api/color-game/live-feed-side]" time="0.103" /><testcase classname="tests.test_bet_aggregation_iter39.TestOnlineUsers" name="test_online_users_range_twice" time="0.314" /></testsuite></testsuites>