<?xml version="1.0" encoding="utf-8"?><testsuites name="pytest tests"><testsuite name="pytest" errors="0" failures="0" skipped="0" tests="11" time="6.550" timestamp="2026-09-02T13:32:24.827830+00:00" hostname="agent-env-9a34e5df-7eb1-49bb-a0a8-f3d78b7bcee6"><testcase classname="backend.tests.test_chat_flow.TestChatUpload" name="test_upload_png" time="1.298" /><testcase classname="backend.tests.test_chat_flow.TestChatUpload" name="test_upload_webm_audio" time="0.629" /><testcase classname="backend.tests.test_chat_flow.TestChatUpload" name="test_upload_m4a_audio" time="0.512" /><testcase classname="backend.tests.test_chat_flow.TestChatUpload" name="test_upload_rejects_exe" time="0.186" /><testcase classname="backend.tests.test_chat_flow.TestChatUpload" name="test_upload_rejects_txt" time="0.134" /><testcase classname="backend.tests.test_chat_flow.TestChatUpload" name="test_upload_requires_auth" time="0.147" /><testcase classname="backend.tests.test_chat_flow.TestChatSendAndAdmin" name="test_send_image_and_verify" time="0.687" /><testcase classname="backend.tests.test_chat_flow.TestChatSendAndAdmin" name="test_send_voice_and_verify" time="0.548" /><testcase classname="backend.tests.test_chat_flow.TestChatSendAndAdmin" name="test_admin_list_users_shows_photo_voice" time="0.991" /><testcase classname="backend.tests.test_chat_flow.TestChatSendAndAdmin" name="test_admin_reply_image_and_voice" time="0.934" /><testcase classname="backend.tests.test_chat_flow.TestChatSendAndAdmin" name="test_read_receipts" time="0.398" /></testsuite></testsuites>