<?xml version="1.0" encoding="utf-8"?><testsuites name="pytest tests"><testsuite name="pytest" errors="0" failures="0" skipped="1" tests="14" time="4.818" timestamp="2026-05-09T12:39:48.329485+00:00" hostname="agent-env-9a34e5df-7eb1-49bb-a0a8-f3d78b7bcee6"><testcase classname="tests.test_auth_simplified.TestRegisterMobile" name="test_register_short_name" time="0.403" /><testcase classname="tests.test_auth_simplified.TestRegisterMobile" name="test_register_bad_phone" time="0.054" /><testcase classname="tests.test_auth_simplified.TestRegisterMobile" name="test_register_short_password" time="0.049" /><testcase classname="tests.test_auth_simplified.TestRegisterMobile" name="test_register_success" time="0.320" /><testcase classname="tests.test_auth_simplified.TestRegisterMobile" name="test_register_duplicate" time="0.065" /><testcase classname="tests.test_auth_simplified.TestLogin" name="test_login_success" time="0.277" /><testcase classname="tests.test_auth_simplified.TestLogin" name="test_login_wrong_password" time="0.287" /><testcase classname="tests.test_auth_simplified.TestLogin" name="test_login_unknown_phone" time="0.047" /><testcase classname="tests.test_auth_simplified.TestAdminLogin" name="test_admin_login_success" time="0.279" /><testcase classname="tests.test_auth_simplified.TestAdminLogin" name="test_admin_login_wrong_password" time="0.275" /><testcase classname="tests.test_auth_simplified.TestForgotPassword" name="test_send_otp_unknown_phone" time="0.048" /><testcase classname="tests.test_auth_simplified.TestForgotPassword" name="test_send_otp_success" time="0.882" /><testcase classname="tests.test_auth_simplified.TestForgotPassword" name="test_reset_with_wrong_otp" time="0.919" /><testcase classname="tests.test_auth_simplified.TestForgotPassword" name="test_reset_with_correct_otp" time="0.810"><skipped type="pytest.skip" message="OTP store is in server process; cannot read OTP from test process">/app/backend/tests/test_auth_simplified.py:159: OTP store is in server process; cannot read OTP from test process</skipped></testcase></testsuite></testsuites>