<?xml version="1.0" encoding="utf-8"?><testsuites name="pytest tests"><testsuite name="pytest" errors="0" failures="0" skipped="0" tests="11" time="5.293" timestamp="2026-04-14T05:34:50.226787+00:00" hostname="agent-env-9a34e5df-7eb1-49bb-a0a8-f3d78b7bcee6"><testcase classname="backend.tests.test_jantri_report.TestJantriReportAPI" name="test_jantri_report_requires_auth" time="0.704" /><testcase classname="backend.tests.test_jantri_report.TestJantriReportAPI" name="test_jantri_report_returns_200" time="0.428" /><testcase classname="backend.tests.test_jantri_report.TestJantriReportAPI" name="test_jantri_report_returns_all_100_jodi_numbers" time="0.449" /><testcase classname="backend.tests.test_jantri_report.TestJantriReportAPI" name="test_jantri_report_returns_andar_0_to_9" time="0.438" /><testcase classname="backend.tests.test_jantri_report.TestJantriReportAPI" name="test_jantri_report_returns_bahar_0_to_9" time="0.456" /><testcase classname="backend.tests.test_jantri_report.TestJantriReportAPI" name="test_jantri_report_returns_summary" time="0.417" /><testcase classname="backend.tests.test_jantri_report.TestJantriReportAPI" name="test_jantri_report_accepts_game_id_param" time="0.512" /><testcase classname="backend.tests.test_jantri_report.TestJantriReportAPI" name="test_jantri_report_accepts_date_param" time="0.421" /><testcase classname="backend.tests.test_jantri_report.TestJantriReportAPI" name="test_jantri_report_returns_crossing_field" time="0.426" /><testcase classname="backend.tests.test_jantri_report.TestJantriReportAPI" name="test_jantri_report_returns_worst_jodi" time="0.456" /><testcase classname="backend.tests.test_jantri_report.TestJantriReportAPI" name="test_jantri_report_with_both_params" time="0.493" /></testsuite></testsuites>