<?xml version="1.0" encoding="utf-8"?><testsuites name="pytest tests"><testsuite name="pytest" errors="0" failures="0" skipped="0" tests="10" time="5.986" timestamp="2026-03-31T05:36:09.661812+00:00" hostname="agent-env-9a34e5df-7eb1-49bb-a0a8-f3d78b7bcee6"><testcase classname="backend.tests.test_jantri_batch_betting.TestSetup" name="test_setup_jantri_test_user" time="0.882" /><testcase classname="backend.tests.test_jantri_batch_betting.TestBatchBetEndpoint" name="test_batch_bet_success" time="0.584" /><testcase classname="backend.tests.test_jantri_batch_betting.TestBatchBetEndpoint" name="test_batch_bet_minimum_amount_validation" time="0.532" /><testcase classname="backend.tests.test_jantri_batch_betting.TestBatchBetEndpoint" name="test_batch_bet_invalid_jodi_number" time="0.668" /><testcase classname="backend.tests.test_jantri_batch_betting.TestBatchBetEndpoint" name="test_batch_bet_insufficient_balance" time="0.627" /><testcase classname="backend.tests.test_jantri_batch_betting.TestBatchBetEndpoint" name="test_batch_bet_empty_bets_array" time="0.548" /><testcase classname="backend.tests.test_jantri_batch_betting.TestBatchBetEndpoint" name="test_batch_bet_invalid_game_id" time="0.464" /><testcase classname="backend.tests.test_jantri_batch_betting.TestBatchBetEndpoint" name="test_batch_bet_time_lock" time="0.526" /><testcase classname="backend.tests.test_jantri_batch_betting.TestBatchBetResponseFormat" name="test_batch_bet_response_fields" time="0.490" /><testcase classname="backend.tests.test_jantri_batch_betting.TestBatchBetPersistence" name="test_batch_bets_appear_in_user_bets" time="0.597" /></testsuite></testsuites>