<?xml version="1.0" encoding="utf-8"?><testsuites name="pytest tests"><testsuite name="pytest" errors="0" failures="0" skipped="0" tests="12" time="7.722" timestamp="2026-04-01T08:12:41.817275+00:00" hostname="agent-env-9a34e5df-7eb1-49bb-a0a8-f3d78b7bcee6"><testcase classname="backend.tests.test_profile.TestProfileEndpoints" name="test_get_profile_info" time="0.562" /><testcase classname="backend.tests.test_profile.TestProfileEndpoints" name="test_update_profile_name_only" time="0.579" /><testcase classname="backend.tests.test_profile.TestProfileEndpoints" name="test_update_profile_email_only" time="0.479" /><testcase classname="backend.tests.test_profile.TestProfileEndpoints" name="test_update_profile_name_and_email" time="0.480" /><testcase classname="backend.tests.test_profile.TestProfileEndpoints" name="test_update_profile_empty_name_fails" time="0.457" /><testcase classname="backend.tests.test_profile.TestProfileEndpoints" name="test_update_profile_no_changes" time="0.517" /><testcase classname="backend.tests.test_profile.TestProfileEndpoints" name="test_update_profile_requires_auth" time="0.506" /><testcase classname="backend.tests.test_profile.TestProfileEndpoints" name="test_change_password_wrong_current_password" time="0.631" /><testcase classname="backend.tests.test_profile.TestProfileEndpoints" name="test_change_password_short_new_password" time="0.666" /><testcase classname="backend.tests.test_profile.TestProfileEndpoints" name="test_change_password_requires_auth" time="0.492" /><testcase classname="backend.tests.test_profile.TestProfileEndpoints" name="test_change_password_success" time="1.727" /><testcase classname="backend.tests.test_profile.TestDuplicateEmailValidation" name="test_duplicate_email_rejected" time="0.549" /></testsuite></testsuites>