<?xml version="1.0" encoding="utf-8"?><testsuites name="pytest tests"><testsuite name="pytest" errors="0" failures="1" skipped="0" tests="11" time="5.916" timestamp="2026-04-13T13:45:11.297152+00:00" hostname="agent-env-9a34e5df-7eb1-49bb-a0a8-f3d78b7bcee6"><testcase classname="backend.tests.test_push_notifications.TestPushNotificationEndpoints" name="test_vapid_key_endpoint_returns_valid_key" time="1.425" /><testcase classname="backend.tests.test_push_notifications.TestPushNotificationEndpoints" name="test_push_stats_returns_total_subscriptions" time="0.415" /><testcase classname="backend.tests.test_push_notifications.TestPushNotificationEndpoints" name="test_push_stats_requires_admin_auth" time="0.476" /><testcase classname="backend.tests.test_push_notifications.TestPushNotificationEndpoints" name="test_push_test_returns_error_when_not_subscribed" time="0.423" /><testcase classname="backend.tests.test_push_notifications.TestPushNotificationEndpoints" name="test_push_test_requires_admin_auth" time="0.444" /><testcase classname="backend.tests.test_push_notifications.TestPushNotificationEndpoints" name="test_send_all_without_body_returns_400" time="0.376" /><testcase classname="backend.tests.test_push_notifications.TestPushNotificationEndpoints" name="test_send_all_with_valid_payload" time="0.401" /><testcase classname="backend.tests.test_push_notifications.TestPushNotificationEndpoints" name="test_send_all_requires_admin_auth" time="0.538" /><testcase classname="backend.tests.test_push_notifications.TestPushNotificationEndpoints" name="test_push_subscribe_requires_auth" time="0.567" /><testcase classname="backend.tests.test_push_notifications.TestPushNotificationEndpoints" name="test_push_subscribe_requires_subscription_data" time="0.398" /><testcase classname="backend.tests.test_push_notifications.TestAdminLoginForPush" name="test_admin_login_vikram" time="0.351"><failure message="AssertionError: Response should contain 'user'&#10;assert 'user' in {'balance': 0.0, 'email': 'vikram@900', 'id': '69cac5ac2528cecd3fcdadab', 'name': 'Admin', ...}">backend/tests/test_push_notifications.py:145: in test_admin_login_vikram
    assert "user" in data, "Response should contain 'user'"
E   AssertionError: Response should contain 'user'
E   assert 'user' in {'balance': 0.0, 'email': 'vikram@900', 'id': '69cac5ac2528cecd3fcdadab', 'name': 'Admin', ...}</failure></testcase></testsuite></testsuites>