<?xml version="1.0" encoding="utf-8"?><testsuites name="pytest tests"><testsuite name="pytest" errors="0" failures="0" skipped="0" tests="9" time="4.274" timestamp="2026-03-31T04:56:40.220132+00:00" hostname="agent-env-9a34e5df-7eb1-49bb-a0a8-f3d78b7bcee6"><testcase classname="backend.tests.test_game_time_features.TestGamesAPI" name="test_games_list_has_start_and_end_time" time="0.169" /><testcase classname="backend.tests.test_game_time_features.TestGamesAPI" name="test_single_game_has_start_and_end_time" time="0.120" /><testcase classname="backend.tests.test_game_time_features.TestAdminGamesAPI" name="test_admin_games_list_has_start_and_end_time" time="0.383" /><testcase classname="backend.tests.test_game_time_features.TestAdminGamesAPI" name="test_update_game_start_and_end_time" time="0.527" /><testcase classname="backend.tests.test_game_time_features.TestAdminGamesAPI" name="test_create_game_with_start_and_end_time" time="0.505" /><testcase classname="backend.tests.test_game_time_features.TestBettingTimeLock" name="test_bet_rejected_when_game_closed" time="0.791" /><testcase classname="backend.tests.test_game_time_features.TestBettingTimeLock" name="test_bet_time_window_validation" time="0.813" /><testcase classname="backend.tests.test_game_time_features.TestGameTimeFormats" name="test_overnight_game_time_format" time="0.442" /><testcase classname="backend.tests.test_game_time_features.TestGameTimeFormats" name="test_all_default_games_have_valid_times" time="0.441" /></testsuite></testsuites>