<?xml version="1.0" encoding="utf-8"?><testsuites name="pytest tests"><testsuite name="pytest" errors="0" failures="0" skipped="1" tests="14" time="5.285" timestamp="2026-06-24T16:50:31.641726+00:00" hostname="agent-env-9a34e5df-7eb1-49bb-a0a8-f3d78b7bcee6"><testcase classname="backend.tests.test_auth_simplified.TestRegisterMobile" name="test_register_short_name" time="0.466" /><testcase classname="backend.tests.test_auth_simplified.TestRegisterMobile" name="test_register_bad_phone" time="0.050" /><testcase classname="backend.tests.test_auth_simplified.TestRegisterMobile" name="test_register_short_password" time="0.056" /><testcase classname="backend.tests.test_auth_simplified.TestRegisterMobile" name="test_register_success" time="0.344" /><testcase classname="backend.tests.test_auth_simplified.TestRegisterMobile" name="test_register_duplicate" time="0.094" /><testcase classname="backend.tests.test_auth_simplified.TestLogin" name="test_login_success" time="0.275" /><testcase classname="backend.tests.test_auth_simplified.TestLogin" name="test_login_wrong_password" time="0.278" /><testcase classname="backend.tests.test_auth_simplified.TestLogin" name="test_login_unknown_phone" time="0.052" /><testcase classname="backend.tests.test_auth_simplified.TestAdminLogin" name="test_admin_login_success" time="0.280" /><testcase classname="backend.tests.test_auth_simplified.TestAdminLogin" name="test_admin_login_wrong_password" time="0.314" /><testcase classname="backend.tests.test_auth_simplified.TestForgotPassword" name="test_send_otp_unknown_phone" time="0.056" /><testcase classname="backend.tests.test_auth_simplified.TestForgotPassword" name="test_send_otp_success" time="1.221" /><testcase classname="backend.tests.test_auth_simplified.TestForgotPassword" name="test_reset_with_wrong_otp" time="1.174" /><testcase classname="backend.tests.test_auth_simplified.TestForgotPassword" name="test_reset_with_correct_otp" time="0.527"><skipped type="pytest.skip" message="OTP store is in server process; cannot read OTP from test process">/app/backend/tests/test_auth_simplified.py:159: OTP store is in server process; cannot read OTP from test process</skipped></testcase></testsuite></testsuites>