<?xml version="1.0" encoding="utf-8"?><testsuites name="pytest tests"><testsuite name="pytest" errors="0" failures="0" skipped="0" tests="20" time="6.197" timestamp="2026-04-10T11:14:04.704070+00:00" hostname="agent-env-9a34e5df-7eb1-49bb-a0a8-f3d78b7bcee6"><testcase classname="backend.tests.test_refactored_endpoints.TestPublicEndpoints" name="test_get_games_returns_6_games" time="0.300" /><testcase classname="backend.tests.test_refactored_endpoints.TestPublicEndpoints" name="test_get_results_returns_array" time="0.156" /><testcase classname="backend.tests.test_refactored_endpoints.TestPublicEndpoints" name="test_get_settings_returns_valid_object" time="0.105" /><testcase classname="backend.tests.test_refactored_endpoints.TestPublicEndpoints" name="test_get_vapid_key" time="0.117" /><testcase classname="backend.tests.test_refactored_endpoints.TestAdminAuth" name="test_admin_login_success" time="0.333" /><testcase classname="backend.tests.test_refactored_endpoints.TestAdminAuth" name="test_admin_login_invalid_credentials" time="0.174" /><testcase classname="backend.tests.test_refactored_endpoints.TestAdminEndpoints" name="test_admin_stats" time="0.416" /><testcase classname="backend.tests.test_refactored_endpoints.TestAdminEndpoints" name="test_admin_games" time="0.431" /><testcase classname="backend.tests.test_refactored_endpoints.TestAdminEndpoints" name="test_admin_withdrawals" time="0.381" /><testcase classname="backend.tests.test_refactored_endpoints.TestAdminEndpoints" name="test_admin_deposits" time="0.387" /><testcase classname="backend.tests.test_refactored_endpoints.TestAdminEndpoints" name="test_admin_users" time="0.385" /><testcase classname="backend.tests.test_refactored_endpoints.TestAdminEndpoints" name="test_admin_settings" time="0.412" /><testcase classname="backend.tests.test_refactored_endpoints.TestAdminEndpoints" name="test_admin_results_status" time="0.390" /><testcase classname="backend.tests.test_refactored_endpoints.TestAdminEndpoints" name="test_admin_bet_distribution" time="0.393" /><testcase classname="backend.tests.test_refactored_endpoints.TestAdminEndpoints" name="test_admin_chat_users" time="0.388" /><testcase classname="backend.tests.test_refactored_endpoints.TestGameEndpoints" name="test_get_single_game" time="0.227" /><testcase classname="backend.tests.test_refactored_endpoints.TestGameEndpoints" name="test_get_game_results" time="0.227" /><testcase classname="backend.tests.test_refactored_endpoints.TestAdminJantri" name="test_admin_jantri" time="0.379" /><testcase classname="backend.tests.test_refactored_endpoints.TestAdminJantri" name="test_admin_jantri_export" time="0.380" /><testcase classname="backend.tests.test_refactored_endpoints.TestHelpMessages" name="test_get_help_messages" time="0.115" /></testsuite></testsuites>