<?xml version="1.0" encoding="utf-8"?><testsuites name="pytest tests"><testsuite name="pytest" errors="0" failures="0" skipped="0" tests="8" time="3.046" timestamp="2026-04-01T08:32:46.140367+00:00" hostname="agent-env-9a34e5df-7eb1-49bb-a0a8-f3d78b7bcee6"><testcase classname="backend.tests.test_referral.TestReferralFeatures" name="test_referral_info_returns_code" time="0.482" /><testcase classname="backend.tests.test_referral.TestReferralFeatures" name="test_referral_info_returns_stats" time="0.384" /><testcase classname="backend.tests.test_referral.TestReferralFeatures" name="test_referral_info_requires_auth" time="0.420" /><testcase classname="backend.tests.test_referral.TestReferralFeatures" name="test_apply_referral_empty_code" time="0.424" /><testcase classname="backend.tests.test_referral.TestReferralFeatures" name="test_apply_referral_invalid_code" time="0.379" /><testcase classname="backend.tests.test_referral.TestReferralFeatures" name="test_apply_referral_requires_auth" time="0.418" /><testcase classname="backend.tests.test_referral.TestCompleteSignupWithReferral" name="test_complete_signup_model_accepts_referral_code" time="0.100" /><testcase classname="backend.tests.test_referral.TestReferralCodeFormat" name="test_referral_code_format" time="0.372" /></testsuite></testsuites>