<?xml version="1.0" encoding="utf-8"?><testsuites name="pytest tests"><testsuite name="pytest" errors="0" failures="0" skipped="0" tests="4" time="0.651" timestamp="2026-06-24T14:49:36.206846+00:00" hostname="agent-env-9a34e5df-7eb1-49bb-a0a8-f3d78b7bcee6"><testcase classname="backend.tests.test_version_endpoint.TestVersionEndpoint" name="test_version_endpoint_returns_200_json" time="0.213" /><testcase classname="backend.tests.test_version_endpoint.TestVersionEndpoint" name="test_version_endpoint_default_value" time="0.110" /><testcase classname="backend.tests.test_version_endpoint.TestVersionEndpoint" name="test_version_endpoint_no_auth_required" time="0.134" /><testcase classname="backend.tests.test_version_endpoint.TestIndexHtmlNoCacheMeta" name="test_index_html_has_three_no_cache_meta_tags" time="0.131" /></testsuite></testsuites>