<?xml version="1.0" encoding="utf-8"?><testsuites name="pytest tests"><testsuite name="pytest" errors="0" failures="0" skipped="1" tests="11" time="4.517" timestamp="2026-04-01T08:06:19.500371+00:00" hostname="agent-env-9a34e5df-7eb1-49bb-a0a8-f3d78b7bcee6"><testcase classname="backend.tests.test_withdrawal_referral.TestCancelWithdrawal" name="test_cancel_withdrawal_endpoint_exists" time="0.401" /><testcase classname="backend.tests.test_withdrawal_referral.TestCancelWithdrawal" name="test_cancel_withdrawal_requires_auth" time="0.103" /><testcase classname="backend.tests.test_withdrawal_referral.TestCancelWithdrawal" name="test_cancel_withdrawal_full_flow" time="0.755"><skipped type="pytest.skip" message="Withdrawal blocked by time restriction: निकासी का समय 07:00 से 12:00 तक है">/app/backend/tests/test_withdrawal_referral.py:105: Withdrawal blocked by time restriction: निकासी का समय 07:00 से 12:00 तक है</skipped></testcase><testcase classname="backend.tests.test_withdrawal_referral.TestCancelWithdrawal" name="test_cannot_cancel_non_pending_withdrawal" time="0.413" /><testcase classname="backend.tests.test_withdrawal_referral.TestReferralBonus" name="test_get_referral_info" time="0.371" /><testcase classname="backend.tests.test_withdrawal_referral.TestReferralBonus" name="test_apply_referral_code" time="0.780" /><testcase classname="backend.tests.test_withdrawal_referral.TestReferralBonus" name="test_cannot_use_own_referral_code" time="0.419" /><testcase classname="backend.tests.test_withdrawal_referral.TestReferralBonus" name="test_invalid_referral_code" time="0.363" /><testcase classname="backend.tests.test_withdrawal_referral.TestWalletEndpoints" name="test_get_wallet" time="0.366" /><testcase classname="backend.tests.test_withdrawal_referral.TestWalletEndpoints" name="test_wallet_requires_auth" time="0.107" /><testcase classname="backend.tests.test_withdrawal_referral.TestWalletEndpoints" name="test_withdrawal_validation" time="0.363" /></testsuite></testsuites>